0 info it worked if it ends with ok
1 verbose cli [ '/usr/local/bin/node', '/usr/local/bin/npm', 'publish' ]
2 info using npm@1.3.14
3 info using node@v0.10.22
4 verbose publish [ '.' ]
5 verbose cache add [ '.', null ]
6 verbose cache add name=undefined spec="." args=[".",null]
7 verbose parsed url { protocol: null,
7 verbose parsed url   slashes: null,
7 verbose parsed url   auth: null,
7 verbose parsed url   host: null,
7 verbose parsed url   port: null,
7 verbose parsed url   hostname: null,
7 verbose parsed url   hash: null,
7 verbose parsed url   search: null,
7 verbose parsed url   query: null,
7 verbose parsed url   pathname: '.',
7 verbose parsed url   path: '.',
7 verbose parsed url   href: '.' }
8 silly lockFile 3a52ce78- .
9 verbose lock . /Users/flow/.npm/3a52ce78-.lock
10 verbose tar pack [ '/var/folders/9d/r_0w8wh56tbdg_tsmrjzchl40000gn/T/npm-3977-gKmYLHQG/1396570719243-0.5636469512246549/tmp.tgz',
10 verbose tar pack   '.' ]
11 verbose tarball /var/folders/9d/r_0w8wh56tbdg_tsmrjzchl40000gn/T/npm-3977-gKmYLHQG/1396570719243-0.5636469512246549/tmp.tgz
12 verbose folder .
13 info prepublish coffeenode-bitsnpieces@0.0.8
14 silly lockFile 1f1177db-tar tar://.
15 verbose lock tar://. /Users/flow/.npm/1f1177db-tar.lock
16 silly lockFile ac078e6d-19243-0-5636469512246549-tmp-tgz tar:///var/folders/9d/r_0w8wh56tbdg_tsmrjzchl40000gn/T/npm-3977-gKmYLHQG/1396570719243-0.5636469512246549/tmp.tgz
17 verbose lock tar:///var/folders/9d/r_0w8wh56tbdg_tsmrjzchl40000gn/T/npm-3977-gKmYLHQG/1396570719243-0.5636469512246549/tmp.tgz /Users/flow/.npm/ac078e6d-19243-0-5636469512246549-tmp-tgz.lock
18 silly lockFile 1f1177db-tar tar://.
19 silly lockFile 1f1177db-tar tar://.
20 silly lockFile ac078e6d-19243-0-5636469512246549-tmp-tgz tar:///var/folders/9d/r_0w8wh56tbdg_tsmrjzchl40000gn/T/npm-3977-gKmYLHQG/1396570719243-0.5636469512246549/tmp.tgz
21 silly lockFile ac078e6d-19243-0-5636469512246549-tmp-tgz tar:///var/folders/9d/r_0w8wh56tbdg_tsmrjzchl40000gn/T/npm-3977-gKmYLHQG/1396570719243-0.5636469512246549/tmp.tgz
22 verbose tar unpack /var/folders/9d/r_0w8wh56tbdg_tsmrjzchl40000gn/T/npm-3977-gKmYLHQG/1396570719243-0.5636469512246549/tmp.tgz
23 silly lockFile d8b48253-19243-0-5636469512246549-package tar:///var/folders/9d/r_0w8wh56tbdg_tsmrjzchl40000gn/T/npm-3977-gKmYLHQG/1396570719243-0.5636469512246549/package
24 verbose lock tar:///var/folders/9d/r_0w8wh56tbdg_tsmrjzchl40000gn/T/npm-3977-gKmYLHQG/1396570719243-0.5636469512246549/package /Users/flow/.npm/d8b48253-19243-0-5636469512246549-package.lock
25 silly lockFile ac078e6d-19243-0-5636469512246549-tmp-tgz tar:///var/folders/9d/r_0w8wh56tbdg_tsmrjzchl40000gn/T/npm-3977-gKmYLHQG/1396570719243-0.5636469512246549/tmp.tgz
26 verbose lock tar:///var/folders/9d/r_0w8wh56tbdg_tsmrjzchl40000gn/T/npm-3977-gKmYLHQG/1396570719243-0.5636469512246549/tmp.tgz /Users/flow/.npm/ac078e6d-19243-0-5636469512246549-tmp-tgz.lock
27 silly gunzTarPerm modes [ '755', '644' ]
28 silly gunzTarPerm extractEntry package.json
29 silly gunzTarPerm extractEntry .npmignore
30 silly gunzTarPerm extractEntry README.md
31 silly gunzTarPerm extractEntry lib/main.js
32 silly gunzTarPerm extractEntry publish
33 silly gunzTarPerm extractEntry src/main.coffee
34 silly gunzTarPerm extractEntry watch
35 silly lockFile d8b48253-19243-0-5636469512246549-package tar:///var/folders/9d/r_0w8wh56tbdg_tsmrjzchl40000gn/T/npm-3977-gKmYLHQG/1396570719243-0.5636469512246549/package
36 silly lockFile d8b48253-19243-0-5636469512246549-package tar:///var/folders/9d/r_0w8wh56tbdg_tsmrjzchl40000gn/T/npm-3977-gKmYLHQG/1396570719243-0.5636469512246549/package
37 silly lockFile ac078e6d-19243-0-5636469512246549-tmp-tgz tar:///var/folders/9d/r_0w8wh56tbdg_tsmrjzchl40000gn/T/npm-3977-gKmYLHQG/1396570719243-0.5636469512246549/tmp.tgz
38 silly lockFile ac078e6d-19243-0-5636469512246549-tmp-tgz tar:///var/folders/9d/r_0w8wh56tbdg_tsmrjzchl40000gn/T/npm-3977-gKmYLHQG/1396570719243-0.5636469512246549/tmp.tgz
39 verbose tar pack [ '/Users/flow/.npm/coffeenode-bitsnpieces/0.0.8/package.tgz',
39 verbose tar pack   '/var/folders/9d/r_0w8wh56tbdg_tsmrjzchl40000gn/T/npm-3977-gKmYLHQG/1396570719243-0.5636469512246549/package' ]
40 verbose tarball /Users/flow/.npm/coffeenode-bitsnpieces/0.0.8/package.tgz
41 verbose folder /var/folders/9d/r_0w8wh56tbdg_tsmrjzchl40000gn/T/npm-3977-gKmYLHQG/1396570719243-0.5636469512246549/package
42 silly lockFile d8b48253-19243-0-5636469512246549-package tar:///var/folders/9d/r_0w8wh56tbdg_tsmrjzchl40000gn/T/npm-3977-gKmYLHQG/1396570719243-0.5636469512246549/package
43 verbose lock tar:///var/folders/9d/r_0w8wh56tbdg_tsmrjzchl40000gn/T/npm-3977-gKmYLHQG/1396570719243-0.5636469512246549/package /Users/flow/.npm/d8b48253-19243-0-5636469512246549-package.lock
44 silly lockFile 0e6fdc93-de-bitsnpieces-0-0-8-package-tgz tar:///Users/flow/.npm/coffeenode-bitsnpieces/0.0.8/package.tgz
45 verbose lock tar:///Users/flow/.npm/coffeenode-bitsnpieces/0.0.8/package.tgz /Users/flow/.npm/0e6fdc93-de-bitsnpieces-0-0-8-package-tgz.lock
46 silly lockFile d8b48253-19243-0-5636469512246549-package tar:///var/folders/9d/r_0w8wh56tbdg_tsmrjzchl40000gn/T/npm-3977-gKmYLHQG/1396570719243-0.5636469512246549/package
47 silly lockFile d8b48253-19243-0-5636469512246549-package tar:///var/folders/9d/r_0w8wh56tbdg_tsmrjzchl40000gn/T/npm-3977-gKmYLHQG/1396570719243-0.5636469512246549/package
48 silly lockFile 0e6fdc93-de-bitsnpieces-0-0-8-package-tgz tar:///Users/flow/.npm/coffeenode-bitsnpieces/0.0.8/package.tgz
49 silly lockFile 0e6fdc93-de-bitsnpieces-0-0-8-package-tgz tar:///Users/flow/.npm/coffeenode-bitsnpieces/0.0.8/package.tgz
50 silly lockFile 4b2dbe9d-eenode-bitsnpieces-0-0-8-package /Users/flow/.npm/coffeenode-bitsnpieces/0.0.8/package
51 verbose lock /Users/flow/.npm/coffeenode-bitsnpieces/0.0.8/package /Users/flow/.npm/4b2dbe9d-eenode-bitsnpieces-0-0-8-package.lock
52 silly lockFile 4b2dbe9d-eenode-bitsnpieces-0-0-8-package /Users/flow/.npm/coffeenode-bitsnpieces/0.0.8/package
53 silly lockFile 4b2dbe9d-eenode-bitsnpieces-0-0-8-package /Users/flow/.npm/coffeenode-bitsnpieces/0.0.8/package
54 verbose tar unpack /Users/flow/.npm/coffeenode-bitsnpieces/0.0.8/package.tgz
55 silly lockFile 2642ee08-eenode-bitsnpieces-0-0-8-package tar:///Users/flow/.npm/coffeenode-bitsnpieces/0.0.8/package
56 verbose lock tar:///Users/flow/.npm/coffeenode-bitsnpieces/0.0.8/package /Users/flow/.npm/2642ee08-eenode-bitsnpieces-0-0-8-package.lock
57 silly lockFile 0e6fdc93-de-bitsnpieces-0-0-8-package-tgz tar:///Users/flow/.npm/coffeenode-bitsnpieces/0.0.8/package.tgz
58 verbose lock tar:///Users/flow/.npm/coffeenode-bitsnpieces/0.0.8/package.tgz /Users/flow/.npm/0e6fdc93-de-bitsnpieces-0-0-8-package-tgz.lock
59 silly gunzTarPerm modes [ '755', '644' ]
60 silly gunzTarPerm extractEntry package.json
61 silly gunzTarPerm extractEntry .npmignore
62 silly gunzTarPerm extractEntry README.md
63 silly gunzTarPerm extractEntry lib/main.js
64 silly gunzTarPerm extractEntry publish
65 silly gunzTarPerm extractEntry src/main.coffee
66 silly gunzTarPerm extractEntry watch
67 silly lockFile 2642ee08-eenode-bitsnpieces-0-0-8-package tar:///Users/flow/.npm/coffeenode-bitsnpieces/0.0.8/package
68 silly lockFile 2642ee08-eenode-bitsnpieces-0-0-8-package tar:///Users/flow/.npm/coffeenode-bitsnpieces/0.0.8/package
69 silly lockFile 0e6fdc93-de-bitsnpieces-0-0-8-package-tgz tar:///Users/flow/.npm/coffeenode-bitsnpieces/0.0.8/package.tgz
70 silly lockFile 0e6fdc93-de-bitsnpieces-0-0-8-package-tgz tar:///Users/flow/.npm/coffeenode-bitsnpieces/0.0.8/package.tgz
71 verbose chmod /Users/flow/.npm/coffeenode-bitsnpieces/0.0.8/package.tgz 644
72 verbose chown /Users/flow/.npm/coffeenode-bitsnpieces/0.0.8/package.tgz [ 501, 20 ]
73 silly lockFile 3a52ce78- .
74 silly lockFile 3a52ce78- .
75 silly publish { name: 'coffeenode-bitsnpieces',
75 silly publish   version: '0.0.8',
75 silly publish   description: 'Bits and Pieces',
75 silly publish   main: 'lib/main.js',
75 silly publish   scripts: { test: 'echo "Error: no test specified" && exit 1' },
75 silly publish   dependencies: { 'coffee-script': '~1.7.1' },
75 silly publish   author: '',
75 silly publish   license: 'BSD-2-Clause',
75 silly publish   repository:
75 silly publish    { type: 'git',
75 silly publish      url: 'https://github.com/loveencounterflow/coffeenode-bitsnpieces' },
75 silly publish   bugs: { url: 'https://github.com/loveencounterflow/coffeenode-bitsnpieces/issues' },
75 silly publish   readmeFilename: 'README.md',
75 silly publish   readme: 'Bits and Pieces',
75 silly publish   _id: 'coffeenode-bitsnpieces@0.0.8',
75 silly publish   homepage: 'https://github.com/loveencounterflow/coffeenode-bitsnpieces',
75 silly publish   dist: { shasum: 'ecc86cac0ac999e0b0e7e121130dea9c9417e936' },
75 silly publish   _from: '.' }
76 verbose url raw coffeenode-bitsnpieces
77 verbose url resolving [ 'https://registry.npmjs.org/', './coffeenode-bitsnpieces' ]
78 verbose url resolved https://registry.npmjs.org/coffeenode-bitsnpieces
79 info trying registry request attempt 1 at 02:18:39
80 http PUT https://registry.npmjs.org/coffeenode-bitsnpieces
81 http 201 https://registry.npmjs.org/coffeenode-bitsnpieces
82 verbose url raw coffeenode-bitsnpieces
83 verbose url resolving [ 'https://registry.npmjs.org/', './coffeenode-bitsnpieces' ]
84 verbose url resolved https://registry.npmjs.org/coffeenode-bitsnpieces
85 info trying registry request attempt 1 at 02:18:42
86 http GET https://registry.npmjs.org/coffeenode-bitsnpieces
87 http 200 https://registry.npmjs.org/coffeenode-bitsnpieces
88 verbose uploading [ 'coffeenode-bitsnpieces/-/coffeenode-bitsnpieces-0.0.8.tgz/-rev/19-346ffe5fc50e13ad2796e219dc04b352',
88 verbose uploading   '/Users/flow/.npm/coffeenode-bitsnpieces/0.0.8/package.tgz' ]
89 verbose url raw coffeenode-bitsnpieces/-/coffeenode-bitsnpieces-0.0.8.tgz/-rev/19-346ffe5fc50e13ad2796e219dc04b352
90 verbose url resolving [ 'https://registry.npmjs.org/',
90 verbose url resolving   './coffeenode-bitsnpieces/-/coffeenode-bitsnpieces-0.0.8.tgz/-rev/19-346ffe5fc50e13ad2796e219dc04b352' ]
91 verbose url resolved https://registry.npmjs.org/coffeenode-bitsnpieces/-/coffeenode-bitsnpieces-0.0.8.tgz/-rev/19-346ffe5fc50e13ad2796e219dc04b352
92 info trying registry request attempt 1 at 02:18:42
93 http PUT https://registry.npmjs.org/coffeenode-bitsnpieces/-/coffeenode-bitsnpieces-0.0.8.tgz/-rev/19-346ffe5fc50e13ad2796e219dc04b352
94 http 409 https://registry.npmjs.org/coffeenode-bitsnpieces/-/coffeenode-bitsnpieces-0.0.8.tgz/-rev/19-346ffe5fc50e13ad2796e219dc04b352
95 error publish fail Cannot publish over existing version.
95 error publish fail Update the 'version' field in package.json and try again.
95 error publish fail
95 error publish fail If the previous version was published in error, see:
95 error publish fail     npm help unpublish
95 error publish fail
95 error publish fail To automatically increment version numbers, see:
95 error publish fail     npm help version
96 error System Darwin 12.4.0
97 error command "/usr/local/bin/node" "/usr/local/bin/npm" "publish"
98 error cwd /Volumes/Storage/cnd/node_modules/coffeenode-bitsnpieces
99 error node -v v0.10.22
100 error npm -v 1.3.14
101 error code EPUBLISHCONFLICT
102 verbose exit [ 1, true ]
